<?xml version="1.0" encoding="UTF-8"?>
<!-- Generated by org.testng.reporters.JUnitReportReporter -->
<testsuite hostname="mounika_mutta" failures="0" tests="1" name="com.rameshsoft.automation.application.businessscripts.GmailPomTest" time="6.139" errors="0" timestamp="2023-02-25T10:52:11 IST" skipped="0">
  <testcase classname="com.rameshsoft.automation.application.businessscripts.GmailPomTest" name="gmailLoginTest" time="6.139"/>
  <system-out/>
</testsuite> <!-- com.rameshsoft.automation.application.businessscripts.GmailPomTest -->
