<?xml version="1.0" encoding="UTF-8"?>
<!-- Generated by org.testng.reporters.JUnitReportReporter -->
<testsuite hostname="mounika_mutta" failures="0" tests="1" name="com.rameshsoft.automation.application.businessscripts.OpenCart_AddToWishListTestCase" time="7.767" errors="0" timestamp="2023-03-07T15:48:47 IST" skipped="0">
  <testcase classname="com.rameshsoft.automation.application.businessscripts.OpenCart_AddToWishListTestCase" name="verifyAddToWishListText" time="7.767"/>
  <system-out/>
</testsuite> <!-- com.rameshsoft.automation.application.businessscripts.OpenCart_AddToWishListTestCase -->
