<?xml version="1.0" encoding="UTF-8"?>
<!-- Generated by org.testng.reporters.JUnitReportReporter -->
<testsuite hostname="mounika_mutta" failures="0" tests="2" name="com.rameshsoft.automation.application.businessscripts.OpencartTestCase" time="10.025" errors="0" timestamp="2023-03-07T17:55:00 IST" skipped="0">
  <testcase classname="com.rameshsoft.automation.application.businessscripts.OpencartTestCase" name="verifyMainHeaders" time="1.485"/>
  <system-out/>
  <testcase classname="com.rameshsoft.automation.application.businessscripts.OpencartTestCase" name="verifyLaptopNoteBooksCount" time="8.540"/>
  <system-out/>
</testsuite> <!-- com.rameshsoft.automation.application.businessscripts.OpencartTestCase -->
