<?xml version="1.0" encoding="UTF-8"?>
<!-- Generated by org.testng.reporters.JUnitReportReporter -->
<testsuite hostname="mounika_mutta" failures="0" tests="1" name="com.rameshsoft.automation.application.businessscripts.FpTest" time="4.887" errors="0" timestamp="2023-02-01T20:57:07 IST" skipped="0">
  <testcase classname="com.rameshsoft.automation.application.businessscripts.FpTest" name="fpTest" time="4.887"/>
  <system-out/>
</testsuite> <!-- com.rameshsoft.automation.application.businessscripts.FpTest -->
