<?xml version="1.0" encoding="UTF-8"?>
<!-- Generated by org.testng.reporters.JUnitReportReporter -->
<testsuite hostname="mounika_mutta" failures="0" tests="1" name="com.rameshsoft.automation.application.businessscripts.GmailTest" time="4.395" errors="0" timestamp="2023-02-08T12:24:22 IST" skipped="0">
  <testcase classname="com.rameshsoft.automation.application.businessscripts.GmailTest" name="gamilTest" time="4.395"/>
  <system-out/>
</testsuite> <!-- com.rameshsoft.automation.application.businessscripts.GmailTest -->
